\BOOKMARK [0][-]{section*.4}{List of Figures}{}% 1
\BOOKMARK [0][-]{section*.5}{List of Tables}{}% 2
\BOOKMARK [0][-]{chapter.1}{Introduction}{}% 3
\BOOKMARK [1][-]{section.1.1}{Motivation}{chapter.1}% 4
\BOOKMARK [1][-]{section.1.2}{Problem Description}{chapter.1}% 5
\BOOKMARK [1][-]{section.1.3}{Methodology}{chapter.1}% 6
\BOOKMARK [1][-]{section.1.4}{Limitations}{chapter.1}% 7
\BOOKMARK [0][-]{chapter.2}{Background}{}% 8
\BOOKMARK [1][-]{section.2.1}{Village Telco}{chapter.2}% 9
\BOOKMARK [1][-]{section.2.2}{Mesh Potato}{chapter.2}% 10
\BOOKMARK [1][-]{section.2.3}{Relevant Technologies}{chapter.2}% 11
\BOOKMARK [2][-]{subsection.2.3.1}{OpenWrt}{section.2.3}% 12
\BOOKMARK [2][-]{subsection.2.3.2}{Telnet and SSH}{section.2.3}% 13
\BOOKMARK [2][-]{subsection.2.3.3}{Mobile Ad Hoc Networks}{section.2.3}% 14
\BOOKMARK [2][-]{subsection.2.3.4}{Wireless Mesh Networks}{section.2.3}% 15
\BOOKMARK [2][-]{subsection.2.3.5}{Routing Protocols}{section.2.3}% 16
\BOOKMARK [2][-]{subsection.2.3.6}{B.A.T.M.A.N}{section.2.3}% 17
\BOOKMARK [1][-]{section.2.4}{Up-Links}{chapter.2}% 18
\BOOKMARK [2][-]{subsection.2.4.1}{Internet via Telephone-line}{section.2.4}% 19
\BOOKMARK [2][-]{subsection.2.4.2}{Cellular Network Technologies}{section.2.4}% 20
\BOOKMARK [2][-]{subsection.2.4.3}{Satellite}{section.2.4}% 21
\BOOKMARK [2][-]{subsection.2.4.4}{Summary Up-Links}{section.2.4}% 22
\BOOKMARK [1][-]{section.2.5}{Future Internet Access Methods}{chapter.2}% 23
\BOOKMARK [2][-]{subsection.2.5.1}{Google's Internet Balloons}{section.2.5}% 24
\BOOKMARK [1][-]{section.2.6}{Apple's Mesh Network}{chapter.2}% 25
\BOOKMARK [1][-]{section.2.7}{The Cost Structure and Revenue Model\(s\) of Village Telco Today}{chapter.2}% 26
\BOOKMARK [1][-]{section.2.8}{Comparison of Village Telco and other Telecommunication Companies}{chapter.2}% 27
\BOOKMARK [0][-]{chapter.3}{Refugees and IDPs}{}% 28
\BOOKMARK [1][-]{section.3.1}{Definitions}{chapter.3}% 29
\BOOKMARK [1][-]{section.3.2}{Statistics}{chapter.3}% 30
\BOOKMARK [1][-]{section.3.3}{Interview with CARE - Dadaab Refugee Camp}{chapter.3}% 31
\BOOKMARK [1][-]{section.3.4}{Interview with Norwegian Refugee Council}{chapter.3}% 32
\BOOKMARK [1][-]{section.3.5}{Life in Camps for Refugee Women}{chapter.3}% 33
\BOOKMARK [0][-]{chapter.4}{Main Work}{}% 34
\BOOKMARK [1][-]{section.4.1}{Set-up of the Mesh Potato}{chapter.4}% 35
\BOOKMARK [2][-]{subsection.4.1.1}{Configuring the Mesh Potato}{section.4.1}% 36
\BOOKMARK [2][-]{subsection.4.1.2}{Upgrading the Mesh Potato}{section.4.1}% 37
\BOOKMARK [2][-]{subsection.4.1.3}{The SECN Web Interface}{section.4.1}% 38
\BOOKMARK [1][-]{section.4.2}{The Emergency Box}{chapter.4}% 39
\BOOKMARK [2][-]{subsection.4.2.1}{Previous/similar work}{section.4.2}% 40
\BOOKMARK [2][-]{subsection.4.2.2}{Key Components}{section.4.2}% 41
\BOOKMARK [2][-]{subsection.4.2.3}{Creating the Emergency Box}{section.4.2}% 42
\BOOKMARK [2][-]{subsection.4.2.4}{Battery and Charging Calculations}{section.4.2}% 43
\BOOKMARK [2][-]{subsection.4.2.5}{Possible Improvements}{section.4.2}% 44
\BOOKMARK [1][-]{section.4.3}{The Process of Quick Roll-Out}{chapter.4}% 45
\BOOKMARK [2][-]{subsection.4.3.1}{Script}{section.4.3}% 46
\BOOKMARK [2][-]{subsection.4.3.2}{With the MP02}{section.4.3}% 47
\BOOKMARK [2][-]{subsection.4.3.3}{Get Started - How to Use the Box}{section.4.3}% 48
\BOOKMARK [2][-]{subsection.4.3.4}{How Connect the MP to Cabled Internet}{section.4.3}% 49
\BOOKMARK [2][-]{subsection.4.3.5}{How Connect the MP to Internet via PC Getting Wireless Internet from Landline or Cellular Network}{section.4.3}% 50
\BOOKMARK [2][-]{subsection.4.3.6}{How Connect the MP to Cellular Network}{section.4.3}% 51
\BOOKMARK [2][-]{subsection.4.3.7}{How Connect the MP to Satellite}{section.4.3}% 52
\BOOKMARK [1][-]{section.4.4}{Different Scenarios Where a Quick Roll-out is Necessary}{chapter.4}% 53
\BOOKMARK [2][-]{subsection.4.4.1}{Natural Disasters}{section.4.4}% 54
\BOOKMARK [2][-]{subsection.4.4.2}{Temporary Refugee and IDP camps}{section.4.4}% 55
\BOOKMARK [2][-]{subsection.4.4.3}{Festivals}{section.4.4}% 56
\BOOKMARK [2][-]{subsection.4.4.4}{Breakdown of Mobile Towers}{section.4.4}% 57
\BOOKMARK [0][-]{chapter.5}{Discussion}{}% 58
\BOOKMARK [0][-]{chapter.6}{Conclusion}{}% 59
\BOOKMARK [1][-]{section.6.1}{Future Work}{chapter.6}% 60
\BOOKMARK [0][-]{section*.44}{References}{}% 61
\BOOKMARK [0][-]{appendix.A}{Interview with Care}{}% 62
\BOOKMARK [0][-]{appendix.B}{SECN-1.1 User Guide}{}% 63
\BOOKMARK [0][-]{appendix.C}{SECN-2.0 User Guide}{}% 64
